App/app/build/intermediates/manifest_merge_blame_file/debug/manifest-merger-blame-debug-report.txt
1<?xml version="1.0" encoding="utf-8"?>
2<manifest xmlns:android="http://schemas.android.com/apk/res/android"
3    package="com.brahvim.college_assignments"
4    android:versionCode="1"
5    android:versionName="1.0" >
6
7    <uses-sdk
8        android:minSdkVersion="21"
9        android:targetSdkVersion="21" />
10
11    <application
11-->src/main/AndroidManifest.xml:5:2-21:16
12        android:allowBackup="true"
12-->src/main/AndroidManifest.xml:6:4-30
13        android:debuggable="true"
14        android:icon="@mipmap/ic_launcher"
14-->src/main/AndroidManifest.xml:7:4-38
15        android:label="@string/app_name" >
15-->src/main/AndroidManifest.xml:8:4-36
16        <activity
16-->src/main/AndroidManifest.xml:10:3-20:14
17            android:name="com.brahvim.college_assignments.MainActivity"
17-->src/main/AndroidManifest.xml:11:5-33
18            android:exported="true"
18-->src/main/AndroidManifest.xml:12:5-28
19            android:label="@string/title_activity_main" >
19-->src/main/AndroidManifest.xml:13:5-48
20            <intent-filter>
20-->src/main/AndroidManifest.xml:15:4-19:20
21                <action android:name="android.intent.action.MAIN" />
21-->src/main/AndroidManifest.xml:16:5-57
21-->src/main/AndroidManifest.xml:16:13-54
22
23                <category android:name="android.intent.category.LAUNCHER" />
23-->src/main/AndroidManifest.xml:18:5-65
23-->src/main/AndroidManifest.xml:18:15-62
24            </intent-filter>
25        </activity>
26    </application>
27
28</manifest>